Number of reactions: 66
Number of reactions (reduced form): 20
Example Index (i)
Expected Output (E)
CRN Output (C)
NN Output (N)
i: E C N
0: 1 0 0 *
1: 1 0 0 *
2: 0 0 0 
3: 0 0 0 
4: 0 0 0 
5: 0 0 0 
6: 0 0 0 
7: 1 0 0 *
8: 1 0 0 *
9: 1 0 0 *
10: 0 0 0 
11: 0 0 0 
12: 0 0 0 
13: 0 0 0 
14: 0 0 0 
15: 1 0 0 *
16: 1 0 0 *
17: 1 0 0 *
18: 0 0 0 
19: 0 0 0 
20: 0 0 0 
21: 0 0 0 
22: 0 0 0 
23: 0 0 0 
24: 0 0 0 
25: 1 0 0 *
26: 0 0 0 
27: 0 0 0 
28: 0 0 0 
29: 0 0 0 
30: 0 0 0 
31: 0 0 0 
32: 0 0 0 
33: 1 0 0 *
34: 1 0 0 *
35: 0 0 0 
36: 0 0 0 
37: 0 0 0 
38: 0 0 0 
39: 0 0 0 
40: 0 0 0 
41: 0 0 0 
42: 0 0 0 
43: 0 0 0 
44: 0 0 0 
45: 0 0 0 
46: 0 0 0 
47: 0 0 0 
48: 0 0 0 
49: 0 0 0 
50: 1 0 0 *
51: 0 0 0 
52: 0 0 0 
53: 0 0 0 
54: 0 0 0 
55: 0 0 0 
56: 0 0 0 
57: 0 0 0 
58: 0 0 0 
59: 0 0 0 
60: 0 0 0 
61: 0 0 0 
62: 0 0 0 
63: 0 0 0 
64: 0 0 0 
65: 0 0 0 
66: 0 0 0 
67: 0 0 0 
68: 0 0 0 
69: 0 0 0 
70: 0 0 0 
71: 0 0 0 
72: 0 0 0 
73: 0 0 0 
74: 0 0 0 
75: 0 0 0 
76: 0 0 0 
77: 0 0 0 
78: 0 0 0 
79: 0 0 0 
80: 0 0 0 
81: 0 0 0 
82: 0 0 0 
83: 0 0 0 
84: 0 0 0 
85: 0 0 0 
86: 0 0 0 
87: 0 0 0 
88: 0 0 0 
89: 0 0 0 
90: 0 0 0 
91: 0 0 0 
92: 0 0 0 
93: 0 0 0 
94: 0 0 0 
95: 0 0 0 
96: 0 0 0 
97: 0 0 0 
98: 0 0 0 
99: 0 0 0 
100: 0 0 0 
101: 0 0 0 
102: 0 0 0 
103: 0 0 0 
104: 0 0 0 
105: 0 0 0 
106: 0 0 0 
107: 0 0 0 
108: 0 0 0 
109: 0 0 0 
110: 0 0 0 
111: 0 0 0 
112: 0 0 0 
113: 0 0 0 
114: 0 0 0 
115: 0 0 0 
116: 0 0 0 
117: 0 0 0 
118: 0 0 0 
119: 0 0 0 
120: 0 0 0 
121: 0 0 0 
122: 0 0 0 
123: 0 0 0 
124: 0 0 0 
125: 0 0 0 
126: 0 0 0 
127: 0 0 0 
128: 0 0 0 
129: 0 0 0 
130: 0 0 0 
131: 0 0 0 
132: 0 0 0 
133: 0 0 0 
134: 0 0 0 
135: 0 0 0 
136: 1 1 1 
137: 0 0 0 
138: 0 0 0 
139: 0 0 0 
140: 0 0 0 
141: 0 0 0 
142: 0 0 0 
143: 0 0 0 
144: 0 0 0 
145: 0 0 0 
146: 0 0 0 
147: 0 0 0 
148: 0 0 0 
149: 0 0 0 
150: 0 0 0 
151: 0 0 0 
152: 1 1 1 
153: 1 1 1 
154: 1 1 1 
155: 0 0 0 
156: 0 0 0 
157: 0 0 0 
158: 0 0 0 
159: 0 0 0 
160: 0 0 0 
161: 0 0 0 
162: 0 0 0 
163: 0 0 0 
164: 0 0 0 
165: 0 0 0 
166: 0 0 0 
167: 0 0 0 
168: 1 1 1 
169: 1 1 1 
170: 1 1 1 
171: 1 1 1 
172: 1 1 1 
173: 0 0 0 
174: 0 0 0 
175: 0 0 0 
176: 0 0 0 
177: 0 0 0 
178: 0 0 0 
179: 0 0 0 
180: 0 0 0 
181: 0 0 0 
182: 0 0 0 
183: 0 0 0 
184: 1 1 1 
185: 1 1 1 
186: 1 1 1 
187: 1 1 1 
188: 1 1 1 
189: 1 1 1 
190: 1 1 1 
191: 0 0 0 
192: 0 0 0 
193: 0 0 0 
194: 0 0 0 
195: 0 0 0 
196: 0 0 0 
197: 0 0 0 
198: 0 0 0 
199: 0 0 0 
200: 1 1 1 
201: 1 1 1 
202: 1 1 1 
203: 1 1 1 
204: 1 1 1 
205: 1 1 1 
206: 1 1 1 
207: 1 1 1 
208: 1 1 1 
209: 0 0 0 
210: 0 0 0 
211: 0 0 0 
212: 0 0 0 
213: 0 0 0 
214: 0 0 0 
215: 0 0 0 
216: 1 1 1 
217: 1 1 1 
218: 1 1 1 
219: 1 1 1 
220: 1 1 1 
221: 1 1 1 
222: 1 1 1 
223: 1 1 1 
224: 1 1 1 
225: 1 1 1 
226: 1 1 1 
227: 0 0 0 
228: 0 0 0 
229: 0 0 0 
230: 0 0 0 
231: 0 0 0 
232: 1 1 1 
233: 1 1 1 
234: 1 1 1 
235: 1 1 1 
236: 1 1 1 
237: 1 1 1 
238: 1 1 1 
239: 1 1 1 
240: 1 1 1 
241: 1 1 1 
242: 1 1 1 
243: 1 1 1 
244: 1 1 1 
245: 1 1 1 
246: 0 0 0 
247: 1 1 1 
248: 1 1 1 
249: 1 1 1 
250: 1 1 1 
251: 1 1 1 
252: 1 1 1 
253: 1 1 1 
254: 1 1 1 
totalCount (number of predictions): 255
correctCount (number of correct predictions): 243
matchingCount (number of predictions matching NN output): 255
Example Index (i)
Expected Output (E)
CRN Output (C)
NN Output (N)
i: E C N
0: 1 0 0 *
1: 1 0 0 *
2: 0 0 0 
3: 0 0 0 
4: 0 0 0 
5: 0 0 0 
6: 0 0 0 
7: 1 0 0 *
8: 1 0 0 *
9: 1 0 0 *
10: 0 0 0 
11: 0 0 0 
12: 0 0 0 
13: 0 0 0 
14: 0 0 0 
15: 1 0 0 *
16: 1 0 0 *
17: 1 0 0 *
18: 0 0 0 
19: 0 0 0 
20: 0 0 0 
21: 0 0 0 
22: 0 0 0 
23: 0 0 0 
24: 0 0 0 
25: 1 0 0 *
26: 0 0 0 
27: 0 0 0 
28: 0 0 0 
29: 0 0 0 
30: 0 0 0 
31: 0 0 0 
32: 0 0 0 
33: 1 0 0 *
34: 1 0 0 *
35: 0 0 0 
36: 0 0 0 
37: 0 0 0 
38: 0 0 0 
39: 0 0 0 
40: 0 0 0 
41: 0 0 0 
42: 0 0 0 
43: 0 0 0 
44: 0 0 0 
45: 0 0 0 
46: 0 0 0 
47: 0 0 0 
48: 0 0 0 
49: 0 0 0 
50: 1 0 0 *
51: 0 0 0 
52: 0 0 0 
53: 0 0 0 
54: 0 0 0 
55: 0 0 0 
56: 0 0 0 
57: 0 0 0 
58: 0 0 0 
59: 0 0 0 
60: 0 0 0 
61: 0 0 0 
62: 0 0 0 
63: 0 0 0 
64: 0 0 0 
65: 0 0 0 
66: 0 0 0 
67: 0 0 0 
68: 0 0 0 
69: 0 0 0 
70: 0 0 0 
71: 0 0 0 
72: 0 0 0 
73: 0 0 0 
74: 0 0 0 
75: 0 0 0 
76: 0 0 0 
77: 0 0 0 
78: 0 0 0 
79: 0 0 0 
80: 0 0 0 
81: 0 0 0 
82: 0 0 0 
83: 0 0 0 
84: 0 0 0 
85: 0 0 0 
86: 0 0 0 
87: 0 0 0 
88: 0 0 0 
89: 0 0 0 
90: 0 0 0 
91: 0 0 0 
92: 0 0 0 
93: 0 0 0 
94: 0 0 0 
95: 0 0 0 
96: 0 0 0 
97: 0 0 0 
98: 0 0 0 
99: 0 0 0 
100: 0 0 0 
101: 0 0 0 
102: 0 0 0 
103: 0 0 0 
104: 0 0 0 
105: 0 0 0 
106: 0 0 0 
107: 0 0 0 
108: 0 0 0 
109: 0 0 0 
110: 0 0 0 
111: 0 0 0 
112: 0 0 0 
113: 0 0 0 
114: 0 0 0 
115: 0 0 0 
116: 0 0 0 
117: 0 0 0 
118: 0 0 0 
119: 0 0 0 
120: 0 0 0 
121: 0 0 0 
122: 0 0 0 
123: 0 0 0 
124: 0 0 0 
125: 0 0 0 
126: 0 0 0 
127: 0 0 0 
128: 0 0 0 
129: 0 0 0 
130: 0 0 0 
131: 0 0 0 
132: 0 0 0 
133: 0 0 0 
134: 0 0 0 
135: 0 0 0 
136: 1 0 1 **
137: 0 0 0 
138: 0 0 0 
139: 0 0 0 
140: 0 0 0 
141: 0 0 0 
142: 0 0 0 
143: 0 0 0 
144: 0 0 0 
145: 0 0 0 
146: 0 0 0 
147: 0 0 0 
148: 0 0 0 
149: 0 0 0 
150: 0 0 0 
151: 0 0 0 
152: 1 0 1 **
153: 1 0 1 **
154: 1 0 1 **
155: 0 0 0 
156: 0 0 0 
157: 0 0 0 
158: 0 0 0 
159: 0 0 0 
160: 0 0 0 
161: 0 0 0 
162: 0 0 0 
163: 0 0 0 
164: 0 0 0 
165: 0 0 0 
166: 0 0 0 
167: 0 0 0 
168: 1 0 1 **
169: 1 0 1 **
170: 1 0 1 **
171: 1 0 1 **
172: 1 0 1 **
173: 0 0 0 
174: 0 0 0 
175: 0 0 0 
176: 0 0 0 
177: 0 0 0 
178: 0 0 0 
179: 0 0 0 
180: 0 0 0 
181: 0 0 0 
182: 0 0 0 
183: 0 0 0 
184: 1 0 1 **
185: 1 0 1 **
186: 1 0 1 **
187: 1 0 1 **
188: 1 0 1 **
189: 1 0 1 **
190: 1 0 1 **
191: 0 0 0 
192: 0 0 0 
193: 0 0 0 
194: 0 0 0 
195: 0 0 0 
196: 0 0 0 
197: 0 0 0 
198: 0 0 0 
199: 0 0 0 
200: 1 0 1 **
201: 1 0 1 **
202: 1 0 1 **
203: 1 0 1 **
204: 1 0 1 **
205: 1 0 1 **
206: 1 0 1 **
207: 1 0 1 **
208: 1 0 1 **
209: 0 0 0 
210: 0 0 0 
211: 0 0 0 
212: 0 0 0 
213: 0 0 0 
214: 0 0 0 
215: 0 0 0 
216: 1 0 1 **
217: 1 0 1 **
218: 1 0 1 **
219: 1 0 1 **
220: 1 0 1 **
221: 1 0 1 **
222: 1 0 1 **
223: 1 0 1 **
224: 1 0 1 **
225: 1 0 1 **
226: 1 0 1 **
227: 0 0 0 
228: 0 0 0 
229: 0 0 0 
230: 0 0 0 
231: 0 0 0 
232: 1 0 1 **
233: 1 0 1 **
234: 1 0 1 **
235: 1 0 1 **
236: 1 0 1 **
237: 1 0 1 **
238: 1 0 1 **
239: 1 0 1 **
240: 1 0 1 **
241: 1 0 1 **
242: 1 0 1 **
243: 1 0 1 **
244: 1 0 1 **
245: 1 0 1 **
246: 0 0 0 
247: 1 0 1 **
248: 1 0 1 **
249: 1 0 1 **
250: 1 0 1 **
251: 1 0 1 **
252: 1 0 1 **
253: 1 0 1 **
254: 1 0 1 **
totalCount (number of predictions): 255
correctCount (number of correct predictions): 185
matchingCount (number of predictions matching NN output): 197